<?xml version="1.0" encoding="UTF-8"?>
<!-- Generated by org.testng.reporters.JUnitReportReporter -->
<testsuite hostname="LAPTOP-PVCO4Q73" failures="0" tests="1" name="testscript.ManageSubCategoryTest" time="13.057" errors="0" timestamp="2025-03-04T21:58:22 IST" skipped="0">
  <testcase classname="testscript.ManageSubCategoryTest" name="verifyThatManageSubCategorycanuplaodFile" time="13.057"/>
</testsuite> <!-- testscript.ManageSubCategoryTest -->
