<?xml version="1.0" encoding="UTF-8"?>
<!-- Generated by org.testng.reporters.JUnitReportReporter -->
<testsuite hostname="LAPTOP-PVCO4Q73" failures="0" tests="1" name="testscript.LoginTest" time="3.757" errors="0" timestamp="2025-03-03T13:58:01 IST" skipped="0">
  <testcase classname="testscript.LoginTest" name="verifyTheUserIsAbleToLoginUsingValidCredentials" time="3.757"/>
</testsuite> <!-- testscript.LoginTest -->
