<?xml version="1.0" encoding="UTF-8"?>
<!-- Generated by org.testng.reporters.JUnitReportReporter -->
<testsuite hostname="LAPTOP-PVCO4Q73" failures="0" tests="1" name="testscript.ManageFooterTest" time="7.714" errors="0" timestamp="2025-02-18T21:17:27 IST" skipped="0">
  <testcase classname="testscript.ManageFooterTest" name="verifyThatTheUpdateButtonIsDisplayed" time="7.714"/>
</testsuite> <!-- testscript.ManageFooterTest -->
