<?xml version="1.0" encoding="UTF-8"?>
<!-- Generated by org.testng.reporters.JUnitReportReporter -->
<testsuite hostname="LAPTOP-PVCO4Q73" failures="0" tests="1" name="testscript.LogOutTest" time="7.535" errors="0" timestamp="2025-02-18T21:13:43 IST" skipped="0">
  <testcase classname="testscript.LogOutTest" name="verifyTheUserIsAbleToLogout" time="7.535"/>
</testsuite> <!-- testscript.LogOutTest -->
