<?xml version="1.0" encoding="UTF-8"?>
<!-- Generated by org.testng.reporters.JUnitReportReporter -->
<testsuite hostname="LAPTOP-PVCO4Q73" failures="0" tests="4" name="testscript.LoginTest" time="16.603" errors="0" timestamp="2025-02-18T21:12:58 IST" skipped="0">
  <testcase classname="testscript.LoginTest" name="verifyTheUserIsAbleToUsingInvalidUsernameValidpassword" time="2.881"/>
  <testcase classname="testscript.LoginTest" name="verifyTheUserIsAbleToLoginUsingValidCredentials" time="6.167"/>
  <testcase classname="testscript.LoginTest" name="verifyTheUserIsAbleToUsingInvalidUsernameInvalidpassword" time="4.323"/>
  <testcase classname="testscript.LoginTest" name="verifyTheUserIsAbleToLoginUsingValidUsernameInvalidPassword" time="3.232"/>
</testsuite> <!-- testscript.LoginTest -->
