<?xml version="1.0" encoding="UTF-8"?>
<!-- Generated by org.testng.reporters.JUnitReportReporter -->
<testsuite hostname="LAPTOP-PVCO4Q73" failures="0" tests="2" name="testscript.ManageContactTest" time="14.506" errors="0" timestamp="2025-03-04T20:44:50 IST" skipped="0">
  <testcase classname="testscript.ManageContactTest" name="verifyThatTheUpdateButtonIsDisplayed1" time="9.624"/>
  <testcase classname="testscript.ManageContactTest" name="verifyThatUserAbleToChangePhonenumberAndDeliveryTime" time="4.882"/>
</testsuite> <!-- testscript.ManageContactTest -->
