<?xml version="1.0" encoding="UTF-8"?>
<!-- Generated by org.testng.reporters.JUnitReportReporter -->
<testsuite hostname="LAPTOP-PVCO4Q73" failures="0" tests="4" name="testscript.LoginTest" time="17.843" errors="0" timestamp="2025-02-27T13:49:18 IST" skipped="0">
  <testcase classname="testscript.LoginTest" name="verifyTheUserIsAbleToLoginUsingValidUsernameInvalidPassword" time="3.640"/>
  <testcase classname="testscript.LoginTest" name="verifyTheUserIsAbleToLoginUsingValidCredentials" time="7.268"/>
  <testcase classname="testscript.LoginTest" name="verifyTheUserIsAbleToUsingInvalidUsernameInvalidpassword" time="3.544"/>
  <testcase classname="testscript.LoginTest" name="verifyTheUserIsAbleToUsingInvalidUsernameValidpassword" time="3.391"/>
</testsuite> <!-- testscript.LoginTest -->
