<?xml version="1.0" encoding="UTF-8"?>
<!-- Generated by org.testng.reporters.JUnitReportReporter -->
<testsuite hostname="LAPTOP-PVCO4Q73" failures="0" tests="2" name="testscript.AdminUserTest" time="16.454" errors="0" timestamp="2025-03-04T19:08:28 IST" skipped="0">
  <testcase classname="testscript.AdminUserTest" name="verifyThatTheSaveButtonIsDisplayed" time="7.023"/>
  <testcase classname="testscript.AdminUserTest" name="verifyThatAdminIsAbleToCreateNewUserSuccessfully" time="9.431"/>
</testsuite> <!-- testscript.AdminUserTest -->
