<?xml version="1.0" encoding="UTF-8"?>
<!-- Generated by org.testng.reporters.JUnitReportReporter -->
<testsuite hostname="LAPTOP-PVCO4Q73" failures="0" tests="2" name="testscript.AdminUserTest" time="9.501" errors="0" timestamp="2025-03-03T15:10:55 IST" skipped="0">
  <testcase classname="testscript.AdminUserTest" name="verifyThatTheSaveButtonIsDisplayed" time="3.392"/>
  <testcase classname="testscript.AdminUserTest" name="verifyThatAdminIsAbleToCreateNewUserSuccessfully" time="6.109"/>
</testsuite> <!-- testscript.AdminUserTest -->
