<?xml version="1.0" encoding="UTF-8"?>
<!-- Generated by org.testng.reporters.JUnitReportReporter -->
<testsuite hostname="LAPTOP-PVCO4Q73" failures="0" tests="2" name="testscript.ManageContactTest" time="24.082" errors="0" timestamp="2025-02-25T14:22:12 IST" skipped="0">
  <testcase classname="testscript.ManageContactTest" name="verifyThatTheUpdateButtonIsDisplayed1" time="6.307"/>
  <testcase classname="testscript.ManageContactTest" name="verifyThatUserAbleToChangePhonenumberAndDeliveryTime" time="17.775"/>
</testsuite> <!-- testscript.ManageContactTest -->
