<?xml version="1.0" encoding="UTF-8"?>
<!-- Generated by org.testng.reporters.JUnitReportReporter -->
<testsuite hostname="LAPTOP-PVCO4Q73" failures="0" tests="2" name="testscript.ManageFooterTest" time="14.032" errors="0" timestamp="2025-03-04T21:09:18 IST" skipped="0">
  <testcase classname="testscript.ManageFooterTest" name="verifyThatTheUpdateButtonIsDisplayed" time="7.572"/>
  <testcase classname="testscript.ManageFooterTest" name="verifyThatuserIsAbleToUpadateManageFooterSuccessfully" time="6.460"/>
</testsuite> <!-- testscript.ManageFooterTest -->
