<?xml version="1.0" encoding="UTF-8"?>
<!-- Generated by org.testng.reporters.JUnitReportReporter -->
<testsuite hostname="LAPTOP-PVCO4Q73" failures="0" tests="1" name="testscript.ManageSubCategoryTest" time="9.298" errors="0" timestamp="2025-03-03T15:22:43 IST" skipped="0">
  <testcase classname="testscript.ManageSubCategoryTest" name="verifyThatManageSubCategorycanuplaodFile" time="9.298"/>
</testsuite> <!-- testscript.ManageSubCategoryTest -->
