<?xml version="1.0" encoding="UTF-8"?>
<!-- Generated by org.testng.reporters.JUnitReportReporter -->
<testsuite hostname="LAPTOP-PVCO4Q73" failures="0" tests="2" name="testscript.ManageContactTest" time="8.902" errors="0" timestamp="2025-03-03T15:10:55 IST" skipped="0">
  <testcase classname="testscript.ManageContactTest" name="verifyThatTheUpdateButtonIsDisplayed1" time="5.007"/>
  <testcase classname="testscript.ManageContactTest" name="verifyThatUserAbleToChangePhonenumberAndDeliveryTime" time="3.895"/>
</testsuite> <!-- testscript.ManageContactTest -->
