<?xml version="1.0" encoding="UTF-8"?>
<!-- Generated by org.testng.reporters.JUnitReportReporter -->
<testsuite hostname="LAPTOP-PVCO4Q73" failures="0" tests="1" name="testscript.ManageProductTest" time="9.378" errors="0" timestamp="2025-03-04T21:35:18 IST" skipped="0">
  <testcase classname="testscript.ManageProductTest" name="verifyThatProductCanDeleteFromManageproduct" time="9.378"/>
</testsuite> <!-- testscript.ManageProductTest -->
