<?xml version="1.0" encoding="UTF-8"?>
<!-- Generated by org.testng.reporters.JUnitReportReporter -->
<testsuite hostname="LAPTOP-PVCO4Q73" failures="0" tests="1" name="testscript.ManageNewsTest" time="10.038" errors="0" timestamp="2025-02-18T21:18:06 IST" skipped="0">
  <testcase classname="testscript.ManageNewsTest" name="verifyThatUserCanCreateNewsSuccessfully" time="10.038"/>
</testsuite> <!-- testscript.ManageNewsTest -->
