<?xml version="1.0" encoding="UTF-8"?>
<!-- Generated by org.testng.reporters.JUnitReportReporter -->
<testsuite hostname="LAPTOP-PVCO4Q73" failures="0" tests="2" name="testscript.AdminUserTest" time="15.086" errors="0" timestamp="2025-02-27T14:14:37 IST" skipped="0">
  <testcase classname="testscript.AdminUserTest" name="verifyThatAdminIsAbleToCreateNewUserSuccessfully" time="9.658"/>
  <testcase classname="testscript.AdminUserTest" name="verifyThatTheSaveButtonIsDisplayed" time="5.428"/>
</testsuite> <!-- testscript.AdminUserTest -->
