<?xml version="1.0" encoding="UTF-8"?>
<!-- Generated by org.testng.reporters.JUnitReportReporter -->
<testsuite hostname="LAPTOP-PVCO4Q73" failures="0" tests="1" name="testscript.ManageNewsTest" time="9.991" errors="0" timestamp="2025-03-04T13:02:29 IST" skipped="0">
  <testcase classname="testscript.ManageNewsTest" name="verifyThatUserCanCreateNewsSuccessfully" time="9.991"/>
</testsuite> <!-- testscript.ManageNewsTest -->
