<?xml version="1.0" encoding="UTF-8"?>
<!-- Generated by org.testng.reporters.JUnitReportReporter -->
<testsuite hostname="LAPTOP-PVCO4Q73" failures="0" tests="1" name="testscript.ManageNewsTest" time="17.754" errors="0" timestamp="2025-02-25T14:22:12 IST" skipped="0">
  <testcase classname="testscript.ManageNewsTest" name="verifyThatUserCanCreateNewsSuccessfully" time="17.754"/>
</testsuite> <!-- testscript.ManageNewsTest -->
