<?xml version="1.0" encoding="UTF-8"?>
<!-- Generated by org.testng.reporters.JUnitReportReporter -->
<testsuite hostname="LAPTOP-PVCO4Q73" failures="0" tests="1" name="testscript.ManageContactTest" time="8.257" errors="0" timestamp="2025-02-18T21:16:28 IST" skipped="0">
  <testcase classname="testscript.ManageContactTest" name="verifyThatUserAbleToChangePhonenumberAndDeliveryTime" time="8.257"/>
</testsuite> <!-- testscript.ManageContactTest -->
